#
# There is insufficient memory for the Java Runtime Environment to continue.
# Native memory allocation (mmap) failed to map 65536 bytes for Failed to commit metaspace.
# Possible reasons:
#   The system is out of physical RAM or swap space
#   The process is running with CompressedOops enabled, and the Java Heap may be blocking the growth of the native heap
# Possible solutions:
#   Reduce memory load on the system
#   Increase physical memory or swap space
#   Check if swap backing store is full
#   Decrease Java heap size (-Xmx/-Xms)
#   Decrease number of Java threads
#   Decrease Java thread stack sizes (-Xss)
#   Set larger code cache with -XX:ReservedCodeCacheSize=
#   JVM is running with Unscaled Compressed Oops mode in which the Java heap is
#     placed in the first 4GB address space. The Java Heap base address is the
#     maximum limit for the native heap growth. Please use -XX:HeapBaseMinAddress
#     to set the Java Heap base and to place the Java Heap above 4GB virtual address.
# This output file may be truncated or incomplete.
#
#  Out of Memory Error (virtualSpaceNode.cpp:110), pid=16040, tid=1020
#
# JRE version: OpenJDK Runtime Environment Microsoft-8035246 (17.0.8+7) (build 17.0.8+7-LTS)
# Java VM: OpenJDK 64-Bit Server VM Microsoft-8035246 (17.0.8+7-LTS, mixed mode, sharing, tiered, compressed oops, compressed class ptrs, g1 gc, windows-amd64)
# No core dump will be written. Minidumps are not enabled by default on client versions of Windows
#

---------------  S U M M A R Y ------------

Command Line: org.jetbrains.kotlin.cli.jvm.K2JVMCompiler @C:\Sentrix Technologies\react-native-ediary\node_modules\react-native-gesture-handler\android\build\20240423_15582988926806747639.compiler.options

Host: Intel(R) Core(TM) i5-4210U CPU @ 1.70GHz, 4 cores, 3G,  Windows 10 , 64 bit Build 19041 (10.0.19041.3636)
Time: Tue Apr 23 13:31:41 2024 Pakistan Standard Time elapsed time: 7.562847 seconds (0d 0h 0m 7s)

---------------  T H R E A D  ---------------

Current thread (0x000001c0ece63450):  JavaThread "main" [_thread_in_vm, id=1020, stack(0x000000b082900000,0x000000b082a00000)]

Stack: [0x000000b082900000,0x000000b082a00000]
Native frames: (J=compiled Java code, j=interpreted, Vv=VM code, C=native code)
V  [jvm.dll+0x67bf3a]
V  [jvm.dll+0x83a024]
V  [jvm.dll+0x83b7ce]
V  [jvm.dll+0x83be33]
V  [jvm.dll+0x24785f]
V  [jvm.dll+0x8360bb]
V  [jvm.dll+0x6206e6]
V  [jvm.dll+0x1c1f8e]
V  [jvm.dll+0x623031]
V  [jvm.dll+0x621086]
V  [jvm.dll+0x23d220]
V  [jvm.dll+0x1ec87d]
V  [jvm.dll+0x1e22c1]
V  [jvm.dll+0x542490]
V  [jvm.dll+0x7b4e38]
V  [jvm.dll+0x7b4f24]
V  [jvm.dll+0x411635]
V  [jvm.dll+0x4177b9]
C  [java.dll+0x17ec]

Java frames: (J=compiled Java code, j=interpreted, Vv=VM code)
J 522  java.lang.ClassLoader.defineClass1(Ljava/lang/ClassLoader;Ljava/lang/String;[BIILjava/security/ProtectionDomain;Ljava/lang/String;)Ljava/lang/Class; java.base@17.0.8 (0 bytes) @ 0x000001c087af0e63 [0x000001c087af0da0+0x00000000000000c3]
J 518 c1 java.lang.ClassLoader.defineClass(Ljava/lang/String;[BIILjava/security/ProtectionDomain;)Ljava/lang/Class; java.base@17.0.8 (43 bytes) @ 0x000001c0800f0254 [0x000001c0800eff00+0x0000000000000354]
J 508 c1 java.security.SecureClassLoader.defineClass(Ljava/lang/String;[BIILjava/security/CodeSource;)Ljava/lang/Class; java.base@17.0.8 (16 bytes) @ 0x000001c0800ebb8c [0x000001c0800ebac0+0x00000000000000cc]
J 467 c1 jdk.internal.loader.BuiltinClassLoader.defineClass(Ljava/lang/String;Ljdk/internal/loader/Resource;)Ljava/lang/Class; java.base@17.0.8 (121 bytes) @ 0x000001c0800cc034 [0x000001c0800cad20+0x0000000000001314]
J 398 c1 jdk.internal.loader.BuiltinClassLoader.findClassOnClassPathOrNull(Ljava/lang/String;)Ljava/lang/Class; java.base@17.0.8 (64 bytes) @ 0x000001c0800a20dc [0x000001c0800a1000+0x00000000000010dc]
J 204 c1 jdk.internal.loader.BuiltinClassLoader.loadClassOrNull(Ljava/lang/String;Z)Ljava/lang/Class; java.base@17.0.8 (143 bytes) @ 0x000001c080044274 [0x000001c080043340+0x0000000000000f34]
J 303 c1 jdk.internal.loader.ClassLoaders$AppClassLoader.loadClass(Ljava/lang/String;Z)Ljava/lang/Class; java.base@17.0.8 (40 bytes) @ 0x000001c080065204 [0x000001c080064be0+0x0000000000000624]
J 302 c1 java.lang.ClassLoader.loadClass(Ljava/lang/String;)Ljava/lang/Class; java.base@17.0.8 (7 bytes) @ 0x000001c08006484c [0x000001c080064740+0x000000000000010c]
v  ~StubRoutines::call_stub
j  org.jetbrains.kotlin.com.intellij.util.containers.ConcurrentIntKeyRefValueHashMap.<init>()V+5
j  org.jetbrains.kotlin.com.intellij.util.containers.ConcurrentIntKeyWeakValueHashMap.<init>()V+1
j  org.jetbrains.kotlin.com.intellij.util.containers.ContainerUtil.createConcurrentIntObjectWeakValueMap()Lorg/jetbrains/kotlin/com/intellij/util/containers/ConcurrentIntObjectMap;+4
j  org.jetbrains.kotlin.com.intellij.openapi.util.Key.<clinit>()V+10
v  ~StubRoutines::call_stub
j  org.jetbrains.kotlin.config.CompilerConfigurationKey.<init>(Ljava/lang/String;)V+14
j  org.jetbrains.kotlin.config.CompilerConfigurationKey.create(Ljava/lang/String;)Lorg/jetbrains/kotlin/config/CompilerConfigurationKey;+13
j  org.jetbrains.kotlin.cli.common.CLIConfigurationKeys.<clinit>()V+2
v  ~StubRoutines::call_stub
j  org.jetbrains.kotlin.cli.common.CLICompiler.execImpl(Lorg/jetbrains/kotlin/cli/common/messages/MessageCollector;Lorg/jetbrains/kotlin/config/Services;Lorg/jetbrains/kotlin/cli/common/arguments/CommonCompilerArguments;)Lorg/jetbrains/kotlin/cli/common/ExitCode;+56
j  org.jetbrains.kotlin.cli.common.CLICompiler.execImpl(Lorg/jetbrains/kotlin/cli/common/messages/MessageCollector;Lorg/jetbrains/kotlin/config/Services;Lorg/jetbrains/kotlin/cli/common/arguments/CommonToolArguments;)Lorg/jetbrains/kotlin/cli/common/ExitCode;+7
j  org.jetbrains.kotlin.cli.common.CLITool.exec(Lorg/jetbrains/kotlin/cli/common/messages/MessageCollector;Lorg/jetbrains/kotlin/config/Services;Lorg/jetbrains/kotlin/cli/common/arguments/CommonToolArguments;)Lorg/jetbrains/kotlin/cli/common/ExitCode;+76
j  org.jetbrains.kotlin.cli.common.CLITool.exec(Ljava/io/PrintStream;Lorg/jetbrains/kotlin/config/Services;Lorg/jetbrains/kotlin/cli/common/messages/MessageRenderer;[Ljava/lang/String;)Lorg/jetbrains/kotlin/cli/common/ExitCode;+209
j  org.jetbrains.kotlin.cli.common.CLITool.exec(Ljava/io/PrintStream;Lorg/jetbrains/kotlin/cli/common/messages/MessageRenderer;[Ljava/lang/String;)Lorg/jetbrains/kotlin/cli/common/ExitCode;+25
j  org.jetbrains.kotlin.cli.common.CLITool$Companion.doMainNoExit(Lorg/jetbrains/kotlin/cli/common/CLITool;[Ljava/lang/String;Lorg/jetbrains/kotlin/cli/common/messages/MessageRenderer;)Lorg/jetbrains/kotlin/cli/common/ExitCode;+39
j  org.jetbrains.kotlin.cli.common.CLITool$Companion.doMainNoExit$default(Lorg/jetbrains/kotlin/cli/common/CLITool$Companion;Lorg/jetbrains/kotlin/cli/common/CLITool;[Ljava/lang/String;Lorg/jetbrains/kotlin/cli/common/messages/MessageRenderer;ILjava/lang/Object;)Lorg/jetbrains/kotlin/cli/common/ExitCode;+16
j  org.jetbrains.kotlin.cli.common.CLITool$Companion.doMain(Lorg/jetbrains/kotlin/cli/common/CLITool;[Ljava/lang/String;)V+57
j  org.jetbrains.kotlin.cli.jvm.K2JVMCompiler$Companion.main([Ljava/lang/String;)V+20
j  org.jetbrains.kotlin.cli.jvm.K2JVMCompiler.main([Ljava/lang/String;)V+4
v  ~StubRoutines::call_stub

---------------  P R O C E S S  ---------------

Threads class SMR info:
_java_thread_list=0x000001c0f9569f10, length=12, elements={
0x000001c0ece63450, 0x000001c0f9342a70, 0x000001c0f93438f0, 0x000001c0f9351e20,
0x000001c0f9352ca0, 0x000001c0f93577f0, 0x000001c0f93581b0, 0x000001c0f9359eb0,
0x000001c0f935a8b0, 0x000001c0f93c7e80, 0x000001c0f9590830, 0x000001c0f9591560
}

Java Threads: ( => current thread )
=>0x000001c0ece63450 JavaThread "main" [_thread_in_vm, id=1020, stack(0x000000b082900000,0x000000b082a00000)]
  0x000001c0f9342a70 JavaThread "Reference Handler" daemon [_thread_blocked, id=6800, stack(0x000000b083000000,0x000000b083100000)]
  0x000001c0f93438f0 JavaThread "Finalizer" daemon [_thread_blocked, id=7104, stack(0x000000b083100000,0x000000b083200000)]
  0x000001c0f9351e20 JavaThread "Signal Dispatcher" daemon [_thread_blocked, id=14448, stack(0x000000b083200000,0x000000b083300000)]
  0x000001c0f9352ca0 JavaThread "Attach Listener" daemon [_thread_blocked, id=15980, stack(0x000000b083300000,0x000000b083400000)]
  0x000001c0f93577f0 JavaThread "Service Thread" daemon [_thread_blocked, id=11496, stack(0x000000b083400000,0x000000b083500000)]
  0x000001c0f93581b0 JavaThread "Monitor Deflation Thread" daemon [_thread_blocked, id=2384, stack(0x000000b083500000,0x000000b083600000)]
  0x000001c0f9359eb0 JavaThread "C2 CompilerThread0" daemon [_thread_blocked, id=15508, stack(0x000000b083600000,0x000000b083700000)]
  0x000001c0f935a8b0 JavaThread "C1 CompilerThread0" daemon [_thread_blocked, id=15600, stack(0x000000b083700000,0x000000b083800000)]
  0x000001c0f93c7e80 JavaThread "Sweeper thread" daemon [_thread_blocked, id=15684, stack(0x000000b083800000,0x000000b083900000)]
  0x000001c0f9590830 JavaThread "Notification Thread" daemon [_thread_blocked, id=11600, stack(0x000000b083900000,0x000000b083a00000)]
  0x000001c0f9591560 JavaThread "Common-Cleaner" daemon [_thread_blocked, id=7424, stack(0x000000b083b00000,0x000000b083c00000)]

Other Threads:
  0x000001c0ecf16e80 VMThread "VM Thread" [stack: 0x000000b082f00000,0x000000b083000000] [id=6680]
  0x000001c0f9591120 WatcherThread [stack: 0x000000b083a00000,0x000000b083b00000] [id=15524]
  0x000001c0ece9dd30 GCTaskThread "GC Thread#0" [stack: 0x000000b082a00000,0x000000b082b00000] [id=15660]
  0x000001c0f97c8080 GCTaskThread "GC Thread#1" [stack: 0x000000b083c00000,0x000000b083d00000] [id=14656]
  0x000001c0f9910000 GCTaskThread "GC Thread#2" [stack: 0x000000b083d00000,0x000000b083e00000] [id=1888]
  0x000001c0f99102c0 GCTaskThread "GC Thread#3" [stack: 0x000000b083e00000,0x000000b083f00000] [id=16300]
  0x000001c0ecea7a50 ConcurrentGCThread "G1 Main Marker" [stack: 0x000000b082b00000,0x000000b082c00000] [id=3100]
  0x000001c0ecea8460 ConcurrentGCThread "G1 Conc#0" [stack: 0x000000b082c00000,0x000000b082d00000] [id=15344]
  0x000001c0ecef5510 ConcurrentGCThread "G1 Refine#0" [stack: 0x000000b082d00000,0x000000b082e00000] [id=5260]
  0x000001c0ecef5f40 ConcurrentGCThread "G1 Service" [stack: 0x000000b082e00000,0x000000b082f00000] [id=5880]

Threads with active compile tasks:

VM state: not at safepoint (normal execution)

VM Mutex/Monitor currently owned by a thread:  ([mutex/lock_event])
[0x000001c0ece5edd0] Metaspace_lock - owner thread: 0x000001c0ece63450

Heap address: 0x00000000c1200000, size: 1006 MB, Compressed Oops mode: 32-bit

CDS archive(s) mapped at: [0x000001c08f000000-0x000001c08fbd0000-0x000001c08fbd0000), size 12386304, SharedBaseAddress: 0x000001c08f000000, ArchiveRelocationMode: 1.
Compressed class space mapped at: 0x000001c090000000-0x000001c0d0000000, reserved size: 1073741824
Narrow klass base: 0x000001c08f000000, Narrow klass shift: 0, Narrow klass range: 0x100000000

GC Precious Log:
 CPUs: 4 total, 4 available
 Memory: 4019M
 Large Page Support: Disabled
 NUMA Support: Disabled
 Compressed Oops: Enabled (32-bit)
 Heap Region Size: 1M
 Heap Min Capacity: 8M
 Heap Initial Capacity: 64M
 Heap Max Capacity: 1006M
 Pre-touch: Disabled
 Parallel Workers: 4
 Concurrent Workers: 1
 Concurrent Refinement Workers: 4
 Periodic GC: Disabled

Heap:
 garbage-first heap   total 65536K, used 18131K [0x00000000c1200000, 0x0000000100000000)
  region size 1024K, 14 young (14336K), 2 survivors (2048K)
 Metaspace       used 9517K, committed 9664K, reserved 1114112K
  class space    used 995K, committed 1088K, reserved 1048576K

Heap Regions: E=young(eden), S=young(survivor), O=old, HS=humongous(starts), HC=humongous(continues), CS=collection set, F=free, OA=open archive, CA=closed archive, TAMS=top-at-mark-start (previous, next)
|   0|0x00000000c1200000, 0x00000000c1300000, 0x00000000c1300000|100%|HS|  |TAMS 0x00000000c1200000, 0x00000000c1200000| Complete 
|   1|0x00000000c1300000, 0x00000000c1400000, 0x00000000c1400000|100%|HC|  |TAMS 0x00000000c1300000, 0x00000000c1300000| Complete 
|   2|0x00000000c1400000, 0x00000000c1500000, 0x00000000c1500000|100%|HC|  |TAMS 0x00000000c1400000, 0x00000000c1400000| Complete 
|   3|0x00000000c1500000, 0x00000000c1600000, 0x00000000c1600000|100%| O|  |TAMS 0x00000000c1500000, 0x00000000c1500000| Untracked 
|   4|0x00000000c1600000, 0x00000000c1700000, 0x00000000c1700000|100%| O|  |TAMS 0x00000000c1600000, 0x00000000c1600000| Untracked 
|   5|0x00000000c1700000, 0x00000000c1732800, 0x00000000c1800000| 19%| O|  |TAMS 0x00000000c1700000, 0x00000000c1700000| Untracked 
|   6|0x00000000c1800000, 0x00000000c1800000, 0x00000000c1900000|  0%| F|  |TAMS 0x00000000c1800000, 0x00000000c1800000| Untracked 
|   7|0x00000000c1900000, 0x00000000c1900000, 0x00000000c1a00000|  0%| F|  |TAMS 0x00000000c1900000, 0x00000000c1900000| Untracked 
|   8|0x00000000c1a00000, 0x00000000c1a00000, 0x00000000c1b00000|  0%| F|  |TAMS 0x00000000c1a00000, 0x00000000c1a00000| Untracked 
|   9|0x00000000c1b00000, 0x00000000c1b00000, 0x00000000c1c00000|  0%| F|  |TAMS 0x00000000c1b00000, 0x00000000c1b00000| Untracked 
|  10|0x00000000c1c00000, 0x00000000c1c00000, 0x00000000c1d00000|  0%| F|  |TAMS 0x00000000c1c00000, 0x00000000c1c00000| Untracked 
|  11|0x00000000c1d00000, 0x00000000c1d00000, 0x00000000c1e00000|  0%| F|  |TAMS 0x00000000c1d00000, 0x00000000c1d00000| Untracked 
|  12|0x00000000c1e00000, 0x00000000c1e00000, 0x00000000c1f00000|  0%| F|  |TAMS 0x00000000c1e00000, 0x00000000c1e00000| Untracked 
|  13|0x00000000c1f00000, 0x00000000c1f00000, 0x00000000c2000000|  0%| F|  |TAMS 0x00000000c1f00000, 0x00000000c1f00000| Untracked 
|  14|0x00000000c2000000, 0x00000000c2000000, 0x00000000c2100000|  0%| F|  |TAMS 0x00000000c2000000, 0x00000000c2000000| Untracked 
|  15|0x00000000c2100000, 0x00000000c2100000, 0x00000000c2200000|  0%| F|  |TAMS 0x00000000c2100000, 0x00000000c2100000| Untracked 
|  16|0x00000000c2200000, 0x00000000c2200000, 0x00000000c2300000|  0%| F|  |TAMS 0x00000000c2200000, 0x00000000c2200000| Untracked 
|  17|0x00000000c2300000, 0x00000000c2300000, 0x00000000c2400000|  0%| F|  |TAMS 0x00000000c2300000, 0x00000000c2300000| Untracked 
|  18|0x00000000c2400000, 0x00000000c2400000, 0x00000000c2500000|  0%| F|  |TAMS 0x00000000c2400000, 0x00000000c2400000| Untracked 
|  19|0x00000000c2500000, 0x00000000c2500000, 0x00000000c2600000|  0%| F|  |TAMS 0x00000000c2500000, 0x00000000c2500000| Untracked 
|  20|0x00000000c2600000, 0x00000000c2600000, 0x00000000c2700000|  0%| F|  |TAMS 0x00000000c2600000, 0x00000000c2600000| Untracked 
|  21|0x00000000c2700000, 0x00000000c2700000, 0x00000000c2800000|  0%| F|  |TAMS 0x00000000c2700000, 0x00000000c2700000| Untracked 
|  22|0x00000000c2800000, 0x00000000c2800000, 0x00000000c2900000|  0%| F|  |TAMS 0x00000000c2800000, 0x00000000c2800000| Untracked 
|  23|0x00000000c2900000, 0x00000000c2900000, 0x00000000c2a00000|  0%| F|  |TAMS 0x00000000c2900000, 0x00000000c2900000| Untracked 
|  24|0x00000000c2a00000, 0x00000000c2a00000, 0x00000000c2b00000|  0%| F|  |TAMS 0x00000000c2a00000, 0x00000000c2a00000| Untracked 
|  25|0x00000000c2b00000, 0x00000000c2b00000, 0x00000000c2c00000|  0%| F|  |TAMS 0x00000000c2b00000, 0x00000000c2b00000| Untracked 
|  26|0x00000000c2c00000, 0x00000000c2c00000, 0x00000000c2d00000|  0%| F|  |TAMS 0x00000000c2c00000, 0x00000000c2c00000| Untracked 
|  27|0x00000000c2d00000, 0x00000000c2d00000, 0x00000000c2e00000|  0%| F|  |TAMS 0x00000000c2d00000, 0x00000000c2d00000| Untracked 
|  28|0x00000000c2e00000, 0x00000000c2e00000, 0x00000000c2f00000|  0%| F|  |TAMS 0x00000000c2e00000, 0x00000000c2e00000| Untracked 
|  29|0x00000000c2f00000, 0x00000000c2f00000, 0x00000000c3000000|  0%| F|  |TAMS 0x00000000c2f00000, 0x00000000c2f00000| Untracked 
|  30|0x00000000c3000000, 0x00000000c3000000, 0x00000000c3100000|  0%| F|  |TAMS 0x00000000c3000000, 0x00000000c3000000| Untracked 
|  31|0x00000000c3100000, 0x00000000c3100000, 0x00000000c3200000|  0%| F|  |TAMS 0x00000000c3100000, 0x00000000c3100000| Untracked 
|  32|0x00000000c3200000, 0x00000000c3200000, 0x00000000c3300000|  0%| F|  |TAMS 0x00000000c3200000, 0x00000000c3200000| Untracked 
|  33|0x00000000c3300000, 0x00000000c3300000, 0x00000000c3400000|  0%| F|  |TAMS 0x00000000c3300000, 0x00000000c3300000| Untracked 
|  34|0x00000000c3400000, 0x00000000c3400000, 0x00000000c3500000|  0%| F|  |TAMS 0x00000000c3400000, 0x00000000c3400000| Untracked 
|  35|0x00000000c3500000, 0x00000000c3500000, 0x00000000c3600000|  0%| F|  |TAMS 0x00000000c3500000, 0x00000000c3500000| Untracked 
|  36|0x00000000c3600000, 0x00000000c3600000, 0x00000000c3700000|  0%| F|  |TAMS 0x00000000c3600000, 0x00000000c3600000| Untracked 
|  37|0x00000000c3700000, 0x00000000c3700000, 0x00000000c3800000|  0%| F|  |TAMS 0x00000000c3700000, 0x00000000c3700000| Untracked 
|  38|0x00000000c3800000, 0x00000000c3800000, 0x00000000c3900000|  0%| F|  |TAMS 0x00000000c3800000, 0x00000000c3800000| Untracked 
|  39|0x00000000c3900000, 0x00000000c3900000, 0x00000000c3a00000|  0%| F|  |TAMS 0x00000000c3900000, 0x00000000c3900000| Untracked 
|  40|0x00000000c3a00000, 0x00000000c3a00000, 0x00000000c3b00000|  0%| F|  |TAMS 0x00000000c3a00000, 0x00000000c3a00000| Untracked 
|  41|0x00000000c3b00000, 0x00000000c3b00000, 0x00000000c3c00000|  0%| F|  |TAMS 0x00000000c3b00000, 0x00000000c3b00000| Untracked 
|  42|0x00000000c3c00000, 0x00000000c3c00000, 0x00000000c3d00000|  0%| F|  |TAMS 0x00000000c3c00000, 0x00000000c3c00000| Untracked 
|  43|0x00000000c3d00000, 0x00000000c3d00000, 0x00000000c3e00000|  0%| F|  |TAMS 0x00000000c3d00000, 0x00000000c3d00000| Untracked 
|  44|0x00000000c3e00000, 0x00000000c3e82540, 0x00000000c3f00000| 50%| S|CS|TAMS 0x00000000c3e00000, 0x00000000c3e00000| Complete 
|  45|0x00000000c3f00000, 0x00000000c4000000, 0x00000000c4000000|100%| S|CS|TAMS 0x00000000c3f00000, 0x00000000c3f00000| Complete 
|  46|0x00000000c4000000, 0x00000000c4000000, 0x00000000c4100000|  0%| F|  |TAMS 0x00000000c4000000, 0x00000000c4000000| Untracked 
|  47|0x00000000c4100000, 0x00000000c4100000, 0x00000000c4200000|  0%| F|  |TAMS 0x00000000c4100000, 0x00000000c4100000| Untracked 
|  48|0x00000000c4200000, 0x00000000c4200000, 0x00000000c4300000|  0%| F|  |TAMS 0x00000000c4200000, 0x00000000c4200000| Untracked 
|  49|0x00000000c4300000, 0x00000000c4300000, 0x00000000c4400000|  0%| F|  |TAMS 0x00000000c4300000, 0x00000000c4300000| Untracked 
|  50|0x00000000c4400000, 0x00000000c4400000, 0x00000000c4500000|  0%| F|  |TAMS 0x00000000c4400000, 0x00000000c4400000| Untracked 
|  51|0x00000000c4500000, 0x00000000c4500000, 0x00000000c4600000|  0%| F|  |TAMS 0x00000000c4500000, 0x00000000c4500000| Untracked 
|  52|0x00000000c4600000, 0x00000000c4700000, 0x00000000c4700000|100%| E|  |TAMS 0x00000000c4600000, 0x00000000c4600000| Complete 
|  53|0x00000000c4700000, 0x00000000c4800000, 0x00000000c4800000|100%| E|CS|TAMS 0x00000000c4700000, 0x00000000c4700000| Complete 
|  54|0x00000000c4800000, 0x00000000c4900000, 0x00000000c4900000|100%| E|CS|TAMS 0x00000000c4800000, 0x00000000c4800000| Complete 
|  55|0x00000000c4900000, 0x00000000c4a00000, 0x00000000c4a00000|100%| E|CS|TAMS 0x00000000c4900000, 0x00000000c4900000| Complete 
|  56|0x00000000c4a00000, 0x00000000c4b00000, 0x00000000c4b00000|100%| E|CS|TAMS 0x00000000c4a00000, 0x00000000c4a00000| Complete 
|  57|0x00000000c4b00000, 0x00000000c4c00000, 0x00000000c4c00000|100%| E|CS|TAMS 0x00000000c4b00000, 0x00000000c4b00000| Complete 
|  58|0x00000000c4c00000, 0x00000000c4d00000, 0x00000000c4d00000|100%| E|CS|TAMS 0x00000000c4c00000, 0x00000000c4c00000| Complete 
|  59|0x00000000c4d00000, 0x00000000c4e00000, 0x00000000c4e00000|100%| E|CS|TAMS 0x00000000c4d00000, 0x00000000c4d00000| Complete 
|  60|0x00000000c4e00000, 0x00000000c4f00000, 0x00000000c4f00000|100%| E|CS|TAMS 0x00000000c4e00000, 0x00000000c4e00000| Complete 
|  61|0x00000000c4f00000, 0x00000000c5000000, 0x00000000c5000000|100%| E|CS|TAMS 0x00000000c4f00000, 0x00000000c4f00000| Complete 
|  62|0x00000000c5000000, 0x00000000c5100000, 0x00000000c5100000|100%| E|CS|TAMS 0x00000000c5000000, 0x00000000c5000000| Complete 
|  63|0x00000000c5100000, 0x00000000c5200000, 0x00000000c5200000|100%| E|CS|TAMS 0x00000000c5100000, 0x00000000c5100000| Complete 

Card table byte_map: [0x000001c0f4b60000,0x000001c0f4d60000] _byte_map_base: 0x000001c0f4557000

Marking Bits (Prev, Next): (CMBitMap*) 0x000001c0ece9e350, (CMBitMap*) 0x000001c0ece9e390
 Prev Bits: [0x000001c0f4f60000, 0x000001c0f5f18000)
 Next Bits: [0x000001c0f5f20000, 0x000001c0f6ed8000)

Polling page: 0x000001c0ec620000

Metaspace:

Usage:
  Non-class:      8.32 MB used.
      Class:    995.26 KB used.
       Both:      9.29 MB used.

Virtual space:
  Non-class space:       64.00 MB reserved,       8.38 MB ( 13%) committed,  1 nodes.
      Class space:        1.00 GB reserved,       1.06 MB ( <1%) committed,  1 nodes.
             Both:        1.06 GB reserved,       9.44 MB ( <1%) committed. 

Chunk freelists:
   Non-Class:  4.92 MB
       Class:  14.86 MB
        Both:  19.78 MB

MaxMetaspaceSize: unlimited
CompressedClassSpaceSize: 1.00 GB
Initial GC threshold: 21.00 MB
Current GC threshold: 21.00 MB
CDS: on
MetaspaceReclaimPolicy: balanced
 - commit_granule_bytes: 65536.
 - commit_granule_words: 8192.
 - virtual_space_node_default_size: 8388608.
 - enlarge_chunks_in_place: 1.
 - new_chunks_are_fully_committed: 0.
 - uncommit_free_chunks: 1.
 - use_allocation_guard: 0.
 - handle_deallocations: 1.


Internal statistics:

num_allocs_failed_limit: 0.
num_arena_births: 46.
num_arena_deaths: 0.
num_vsnodes_births: 2.
num_vsnodes_deaths: 0.
num_space_committed: 151.
num_space_uncommitted: 0.
num_chunks_returned_to_freelist: 0.
num_chunks_taken_from_freelist: 338.
num_chunk_merges: 0.
num_chunk_splits: 282.
num_chunks_enlarged: 247.
num_inconsistent_stats: 0.

CodeHeap 'non-profiled nmethods': size=120000Kb used=421Kb max_used=421Kb free=119578Kb
 bounds [0x000001c087ad0000, 0x000001c087d40000, 0x000001c08f000000]
CodeHeap 'profiled nmethods': size=120000Kb used=2776Kb max_used=2776Kb free=117223Kb
 bounds [0x000001c080000000, 0x000001c0802c0000, 0x000001c087530000]
CodeHeap 'non-nmethods': size=5760Kb used=1165Kb max_used=1180Kb free=4594Kb
 bounds [0x000001c087530000, 0x000001c0877a0000, 0x000001c087ad0000]
 total_blobs=1922 nmethods=1465 adapters=370
 compilation: enabled
              stopped_count=0, restarted_count=0
 full_count=0

Compilation events (20 events):
Event: 7.371 Thread 0x000001c0f935a8b0 1458       3       java.lang.invoke.MethodType::equals (31 bytes)
Event: 7.371 Thread 0x000001c0f935a8b0 nmethod 1458 0x000001c0802b0790 code [0x000001c0802b0940, 0x000001c0802b0b28]
Event: 7.371 Thread 0x000001c0f935a8b0 1460       1       java.lang.invoke.MethodHandle::type (5 bytes)
Event: 7.371 Thread 0x000001c0f935a8b0 nmethod 1460 0x000001c087b35e10 code [0x000001c087b35fa0, 0x000001c087b36078]
Event: 7.372 Thread 0x000001c0f935a8b0 1459       3       java.lang.invoke.MemberName::testAllFlags (7 bytes)
Event: 7.372 Thread 0x000001c0f935a8b0 nmethod 1459 0x000001c0802b0c10 code [0x000001c0802b0da0, 0x000001c0802b0f78]
Event: 7.372 Thread 0x000001c0f935a8b0 1461       3       org.jetbrains.kotlin.cli.common.arguments.ParseCommandLineArgumentsKt::parsePreprocessedCommandLineArguments$matches (341 bytes)
Event: 7.372 Thread 0x000001c0f9359eb0 1463       4       java.util.LinkedHashMap::get (29 bytes)
Event: 7.377 Thread 0x000001c0f935a8b0 nmethod 1461 0x000001c0802b1010 code [0x000001c0802b1600, 0x000001c0802b41b8]
Event: 7.377 Thread 0x000001c0f935a8b0 1462       3       org.jetbrains.kotlin.cli.common.arguments.ParseCommandLineArgumentsKt::isAdvanced (46 bytes)
Event: 7.378 Thread 0x000001c0f935a8b0 nmethod 1462 0x000001c0802b5090 code [0x000001c0802b5300, 0x000001c0802b5ca8]
Event: 7.378 Thread 0x000001c0f9359eb0 nmethod 1463 0x000001c087b36110 code [0x000001c087b362a0, 0x000001c087b36598]
Event: 7.378 Thread 0x000001c0f9359eb0 1465       4       sun.reflect.annotation.AnnotationInvocationHandler::invoke (178 bytes)
Event: 7.399 Thread 0x000001c0f9359eb0 nmethod 1465 0x000001c087b36890 code [0x000001c087b36a80, 0x000001c087b37268]
Event: 7.400 Thread 0x000001c0f9359eb0 1464       4       kotlin.jvm.internal.Intrinsics::areEqual (22 bytes)
Event: 7.400 Thread 0x000001c0f9359eb0 nmethod 1464 0x000001c087b37990 code [0x000001c087b37b00, 0x000001c087b37b98]
Event: 7.402 Thread 0x000001c0f9359eb0 1466   !   4       jdk.proxy2.$Proxy3::value (29 bytes)
Event: 7.426 Thread 0x000001c0f9359eb0 nmethod 1466 0x000001c087b37c90 code [0x000001c087b37e80, 0x000001c087b38748]
Event: 7.426 Thread 0x000001c0f9359eb0 1467       4       kotlin.text.StringsKt__StringsJVMKt::startsWith (36 bytes)
Event: 7.435 Thread 0x000001c0f9359eb0 nmethod 1467 0x000001c087b38f10 code [0x000001c087b390a0, 0x000001c087b39318]

GC Heap History (4 events):
Event: 3.417 GC heap before
{Heap before GC invocations=0 (full 0):
 garbage-first heap   total 65536K, used 16384K [0x00000000c1200000, 0x0000000100000000)
  region size 1024K, 13 young (13312K), 0 survivors (0K)
 Metaspace       used 3907K, committed 3968K, reserved 1114112K
  class space    used 326K, committed 384K, reserved 1048576K
}
Event: 3.584 GC heap after
{Heap after GC invocations=1 (full 0):
 garbage-first heap   total 65536K, used 5236K [0x00000000c1200000, 0x0000000100000000)
  region size 1024K, 2 young (2048K), 2 survivors (2048K)
 Metaspace       used 3907K, committed 3968K, reserved 1114112K
  class space    used 326K, committed 384K, reserved 1048576K
}
Event: 5.968 GC heap before
{Heap before GC invocations=1 (full 0):
 garbage-first heap   total 65536K, used 20596K [0x00000000c1200000, 0x0000000100000000)
  region size 1024K, 18 young (18432K), 2 survivors (2048K)
 Metaspace       used 7794K, committed 7936K, reserved 1114112K
  class space    used 819K, committed 896K, reserved 1048576K
}
Event: 5.978 GC heap after
{Heap after GC invocations=2 (full 0):
 garbage-first heap   total 65536K, used 6867K [0x00000000c1200000, 0x0000000100000000)
  region size 1024K, 2 young (2048K), 2 survivors (2048K)
 Metaspace       used 7794K, committed 7936K, reserved 1114112K
  class space    used 819K, committed 896K, reserved 1048576K
}

Dll operation events (6 events):
Event: 0.039 Loaded shared library C:\Program Files\Microsoft\jdk-17.0.8.7-hotspot\bin\java.dll
Event: 0.106 Loaded shared library C:\Program Files\Microsoft\jdk-17.0.8.7-hotspot\bin\jsvml.dll
Event: 0.442 Loaded shared library C:\Program Files\Microsoft\jdk-17.0.8.7-hotspot\bin\net.dll
Event: 0.471 Loaded shared library C:\Program Files\Microsoft\jdk-17.0.8.7-hotspot\bin\nio.dll
Event: 0.898 Loaded shared library C:\Program Files\Microsoft\jdk-17.0.8.7-hotspot\bin\zip.dll
Event: 3.305 Loaded shared library C:\Program Files\Microsoft\jdk-17.0.8.7-hotspot\bin\jimage.dll

Deoptimization events (20 events):
Event: 5.578 Thread 0x000001c0ece63450 DEOPT PACKING pc=0x000001c087b01ee0 sp=0x000000b0829fbf00
Event: 5.578 Thread 0x000001c0ece63450 DEOPT UNPACKING pc=0x000001c0875869a3 sp=0x000000b0829fbde8 mode 2
Event: 5.669 Thread 0x000001c0ece63450 Uncommon trap: trap_request=0xffffff45 fr.pc=0x000001c087afa378 relative=0x0000000000000538
Event: 5.669 Thread 0x000001c0ece63450 Uncommon trap: reason=unstable_if action=reinterpret pc=0x000001c087afa378 method=java.util.concurrent.ConcurrentHashMap.get(Ljava/lang/Object;)Ljava/lang/Object; @ 76 c2
Event: 5.669 Thread 0x000001c0ece63450 DEOPT PACKING pc=0x000001c087afa378 sp=0x000000b0829fc360
Event: 5.669 Thread 0x000001c0ece63450 DEOPT UNPACKING pc=0x000001c0875869a3 sp=0x000000b0829fc2e8 mode 2
Event: 6.091 Thread 0x000001c0ece63450 Uncommon trap: trap_request=0xffffff45 fr.pc=0x000001c087b04214 relative=0x00000000000004d4
Event: 6.092 Thread 0x000001c0ece63450 Uncommon trap: reason=unstable_if action=reinterpret pc=0x000001c087b04214 method=java.util.ArrayList.grow(I)[Ljava/lang/Object; @ 17 c2
Event: 6.092 Thread 0x000001c0ece63450 DEOPT PACKING pc=0x000001c087b04214 sp=0x000000b0829fdb90
Event: 6.092 Thread 0x000001c0ece63450 DEOPT UNPACKING pc=0x000001c0875869a3 sp=0x000000b0829fda18 mode 2
Event: 6.422 Thread 0x000001c0ece63450 Uncommon trap: trap_request=0xffffffc6 fr.pc=0x000001c087b01ee0 relative=0x00000000000004e0
Event: 6.422 Thread 0x000001c0ece63450 Uncommon trap: reason=bimorphic_or_optimized_type_check action=maybe_recompile pc=0x000001c087b01ee0 method=kotlin.reflect.jvm.internal.impl.protobuf.CodedInputStream.tryRefillBuffer(I)Z @ 175 c2
Event: 6.422 Thread 0x000001c0ece63450 DEOPT PACKING pc=0x000001c087b01ee0 sp=0x000000b0829fbe00
Event: 6.422 Thread 0x000001c0ece63450 DEOPT UNPACKING pc=0x000001c0875869a3 sp=0x000000b0829fbce8 mode 2
Event: 6.424 Thread 0x000001c0ece63450 Uncommon trap: trap_request=0xffffffc6 fr.pc=0x000001c087b01ee0 relative=0x00000000000004e0
Event: 6.424 Thread 0x000001c0ece63450 Uncommon trap: reason=bimorphic_or_optimized_type_check action=maybe_recompile pc=0x000001c087b01ee0 method=kotlin.reflect.jvm.internal.impl.protobuf.CodedInputStream.tryRefillBuffer(I)Z @ 175 c2
Event: 6.424 Thread 0x000001c0ece63450 DEOPT PACKING pc=0x000001c087b01ee0 sp=0x000000b0829fbe00
Event: 6.424 Thread 0x000001c0ece63450 DEOPT UNPACKING pc=0x000001c0875869a3 sp=0x000000b0829fbce8 mode 2
Event: 7.216 Thread 0x000001c0ece63450 DEOPT PACKING pc=0x000001c08025301c sp=0x000000b0829fdee0
Event: 7.216 Thread 0x000001c0ece63450 DEOPT UNPACKING pc=0x000001c087587143 sp=0x000000b0829fd4b8 mode 0

Classes unloaded (0 events):
No events

Classes redefined (0 events):
No events

Internal exceptions (1 events):
Event: 6.800 Thread 0x000001c0ece63450 Exception <a 'java/lang/NoSuchMethodError'{0x00000000c4a11350}: 'java.lang.Object java.lang.invoke.DirectMethodHandle$Holder.newInvokeSpecial(java.lang.Object, java.lang.Object, java.lang.Object, java.lang.Object, java.lang.Object)'> (0x00000000c4a11350) 
thrown [s\src\hotspot\share\interpreter\linkResolver.cpp, line 759]

VM Operations (20 events):
Event: 1.912 Executing VM operation: Cleanup
Event: 1.928 Executing VM operation: Cleanup done
Event: 2.325 Executing VM operation: HandshakeAllThreads
Event: 2.326 Executing VM operation: HandshakeAllThreads done
Event: 3.339 Executing VM operation: Cleanup
Event: 3.339 Executing VM operation: Cleanup done
Event: 3.375 Executing VM operation: HandshakeAllThreads
Event: 3.375 Executing VM operation: HandshakeAllThreads done
Event: 3.416 Executing VM operation: G1CollectForAllocation
Event: 3.584 Executing VM operation: G1CollectForAllocation done
Event: 4.594 Executing VM operation: Cleanup
Event: 4.598 Executing VM operation: Cleanup done
Event: 5.589 Executing VM operation: HandshakeAllThreads
Event: 5.589 Executing VM operation: HandshakeAllThreads done
Event: 5.968 Executing VM operation: G1CollectForAllocation
Event: 5.978 Executing VM operation: G1CollectForAllocation done
Event: 6.983 Executing VM operation: Cleanup
Event: 6.983 Executing VM operation: Cleanup done
Event: 7.216 Executing VM operation: HandshakeAllThreads
Event: 7.216 Executing VM operation: HandshakeAllThreads done

Events (20 events):
Event: 6.566 loading class jdk/internal/reflect/UTF8
Event: 6.566 loading class jdk/internal/reflect/UTF8 done
Event: 6.567 loading class jdk/internal/reflect/Label
Event: 6.567 loading class jdk/internal/reflect/Label done
Event: 6.567 loading class jdk/internal/reflect/Label$PatchInfo
Event: 6.568 loading class jdk/internal/reflect/Label$PatchInfo done
Event: 6.568 loading class jdk/internal/reflect/MethodAccessorGenerator$1
Event: 6.568 loading class jdk/internal/reflect/MethodAccessorGenerator$1 done
Event: 6.568 loading class jdk/internal/reflect/ClassDefiner
Event: 6.568 loading class jdk/internal/reflect/ClassDefiner done
Event: 6.568 loading class jdk/internal/reflect/ClassDefiner$1
Event: 6.568 loading class jdk/internal/reflect/ClassDefiner$1 done
Event: 6.569 loading class jdk/internal/reflect/BootstrapConstructorAccessorImpl
Event: 6.569 loading class jdk/internal/reflect/BootstrapConstructorAccessorImpl done
Event: 6.592 loading class sun/reflect/generics/tree/TypeVariableSignature
Event: 6.592 loading class sun/reflect/generics/tree/TypeVariableSignature done
Event: 6.592 loading class sun/reflect/generics/reflectiveObjects/TypeVariableImpl
Event: 6.592 loading class sun/reflect/generics/reflectiveObjects/LazyReflectiveObjectGenerator
Event: 6.592 loading class sun/reflect/generics/reflectiveObjects/LazyReflectiveObjectGenerator done
Event: 6.592 loading class sun/reflect/generics/reflectiveObjects/TypeVariableImpl done


Dynamic libraries:
0x00007ff781190000 - 0x00007ff78119e000 	C:\Program Files\Microsoft\jdk-17.0.8.7-hotspot\bin\java.exe
0x00007ffd69210000 - 0x00007ffd69408000 	C:\Windows\SYSTEM32\ntdll.dll
0x00007ffd68460000 - 0x00007ffd6851d000 	C:\Windows\System32\KERNEL32.DLL
0x00007ffd66e90000 - 0x00007ffd67186000 	C:\Windows\System32\KERNELBASE.dll
0x00007ffd66b70000 - 0x00007ffd66c70000 	C:\Windows\System32\ucrtbase.dll
0x00007ffd56120000 - 0x00007ffd56137000 	C:\Program Files\Microsoft\jdk-17.0.8.7-hotspot\bin\jli.dll
0x00007ffd54050000 - 0x00007ffd5406b000 	C:\Program Files\Microsoft\jdk-17.0.8.7-hotspot\bin\VCRUNTIME140.dll
0x00007ffd67f40000 - 0x00007ffd680df000 	C:\Windows\System32\USER32.dll
0x00007ffd66a80000 - 0x00007ffd66aa2000 	C:\Windows\System32\win32u.dll
0x00007ffd67e90000 - 0x00007ffd67ebb000 	C:\Windows\System32\GDI32.dll
0x00007ffd66960000 - 0x00007ffd66a77000 	C:\Windows\System32\gdi32full.dll
0x00007ffd668c0000 - 0x00007ffd6695d000 	C:\Windows\System32\msvcp_win.dll
0x00007ffd57dd0000 - 0x00007ffd5806a000 	C:\Windows\WinSxS\amd64_microsoft.windows.common-controls_6595b64144ccf1df_6.0.19041.3636_none_60b6a03d71f818d5\COMCTL32.dll
0x00007ffd682a0000 - 0x00007ffd6833e000 	C:\Windows\System32\msvcrt.dll
0x00007ffd68dd0000 - 0x00007ffd68e02000 	C:\Windows\System32\IMM32.DLL
0x00007ffd60540000 - 0x00007ffd6054c000 	C:\Program Files\Microsoft\jdk-17.0.8.7-hotspot\bin\vcruntime140_1.dll
0x00007ffd36c60000 - 0x00007ffd36ced000 	C:\Program Files\Microsoft\jdk-17.0.8.7-hotspot\bin\msvcp140.dll
0x00007ffd1ce10000 - 0x00007ffd1da75000 	C:\Program Files\Microsoft\jdk-17.0.8.7-hotspot\bin\server\jvm.dll
0x00007ffd67de0000 - 0x00007ffd67e90000 	C:\Windows\System32\ADVAPI32.dll
0x00007ffd68200000 - 0x00007ffd682a0000 	C:\Windows\System32\sechost.dll
0x00007ffd67750000 - 0x00007ffd67873000 	C:\Windows\System32\RPCRT4.dll
0x00007ffd66c70000 - 0x00007ffd66c97000 	C:\Windows\System32\bcrypt.dll
0x00007ffd65e00000 - 0x00007ffd65e4b000 	C:\Windows\SYSTEM32\POWRPROF.dll
0x00007ffd613e0000 - 0x00007ffd613e9000 	C:\Windows\SYSTEM32\WSOCK32.dll
0x00007ffd672f0000 - 0x00007ffd6735b000 	C:\Windows\System32\WS2_32.dll
0x00007ffd604f0000 - 0x00007ffd60517000 	C:\Windows\SYSTEM32\WINMM.dll
0x00007ffd5c3d0000 - 0x00007ffd5c3da000 	C:\Windows\SYSTEM32\VERSION.dll
0x00007ffd65cc0000 - 0x00007ffd65cd2000 	C:\Windows\SYSTEM32\UMPDC.dll
0x00007ffd64670000 - 0x00007ffd64682000 	C:\Windows\SYSTEM32\kernel.appcore.dll
0x00007ffd5ebb0000 - 0x00007ffd5ebba000 	C:\Program Files\Microsoft\jdk-17.0.8.7-hotspot\bin\jimage.dll
0x00007ffd5f970000 - 0x00007ffd5fb54000 	C:\Windows\SYSTEM32\DBGHELP.DLL
0x00007ffd5f8b0000 - 0x00007ffd5f8e4000 	C:\Windows\SYSTEM32\dbgcore.DLL
0x00007ffd66e00000 - 0x00007ffd66e82000 	C:\Windows\System32\bcryptPrimitives.dll
0x00007ffd46470000 - 0x00007ffd46495000 	C:\Program Files\Microsoft\jdk-17.0.8.7-hotspot\bin\java.dll
0x00007ffd34b50000 - 0x00007ffd34c27000 	C:\Program Files\Microsoft\jdk-17.0.8.7-hotspot\bin\jsvml.dll
0x00007ffd68660000 - 0x00007ffd68dcb000 	C:\Windows\System32\SHELL32.dll
0x00007ffd64950000 - 0x00007ffd650ee000 	C:\Windows\SYSTEM32\windows.storage.dll
0x00007ffd68e10000 - 0x00007ffd69163000 	C:\Windows\System32\combase.dll
0x00007ffd662f0000 - 0x00007ffd6631e000 	C:\Windows\SYSTEM32\Wldp.dll
0x00007ffd673c0000 - 0x00007ffd6748d000 	C:\Windows\System32\OLEAUT32.dll
0x00007ffd683b0000 - 0x00007ffd6845d000 	C:\Windows\System32\SHCORE.dll
0x00007ffd676f0000 - 0x00007ffd67745000 	C:\Windows\System32\shlwapi.dll
0x00007ffd667f0000 - 0x00007ffd66813000 	C:\Windows\SYSTEM32\profapi.dll
0x00007ffd56230000 - 0x00007ffd56249000 	C:\Program Files\Microsoft\jdk-17.0.8.7-hotspot\bin\net.dll
0x00007ffd5dae0000 - 0x00007ffd5dbea000 	C:\Windows\SYSTEM32\WINHTTP.dll
0x00007ffd66050000 - 0x00007ffd660ba000 	C:\Windows\system32\mswsock.dll
0x00007ffd50430000 - 0x00007ffd50446000 	C:\Program Files\Microsoft\jdk-17.0.8.7-hotspot\bin\nio.dll
0x00007ffd4ed90000 - 0x00007ffd4eda8000 	C:\Program Files\Microsoft\jdk-17.0.8.7-hotspot\bin\zip.dll

dbghelp: loaded successfully - version: 4.0.5 - missing functions: none
symbol engine: initialized successfully - sym options: 0x614 - pdb path: .;C:\Program Files\Microsoft\jdk-17.0.8.7-hotspot\bin;C:\Windows\SYSTEM32;C:\Windows\WinSxS\amd64_microsoft.windows.common-controls_6595b64144ccf1df_6.0.19041.3636_none_60b6a03d71f818d5;C:\Program Files\Microsoft\jdk-17.0.8.7-hotspot\bin\server

VM Arguments:
java_command: org.jetbrains.kotlin.cli.jvm.K2JVMCompiler @C:\Sentrix Technologies\react-native-ediary\node_modules\react-native-gesture-handler\android\build\20240423_15582988926806747639.compiler.options
java_class_path (initial): C:\Users\ACER\.gradle\caches\modules-2\files-2.1\org.jetbrains.kotlin\kotlin-compiler-embeddable\1.6.21\97bdd5a752ce73b58ef16c17bc7f0ea2faff7a2e\kotlin-compiler-embeddable-1.6.21.jar;C:\Users\ACER\.gradle\caches\modules-2\files-2.1\org.jetbrains.kotlin\kotlin-reflect\1.6.21\5dc3574d9b7bebfcb4ec6b10ada4aaa9e140bd0b\kotlin-reflect-1.6.21.jar;C:\Users\ACER\.gradle\caches\modules-2\files-2.1\org.jetbrains.kotlin\kotlin-stdlib\1.6.21\11ef67f1900634fd951bad28c53ec957fabbe5b8\kotlin-stdlib-1.6.21.jar;C:\Users\ACER\.gradle\caches\modules-2\files-2.1\org.jetbrains.kotlin\kotlin-script-runtime\1.6.21\99c6675100da5d6d5b1c5a1032f27f28008d101b\kotlin-script-runtime-1.6.21.jar;C:\Users\ACER\.gradle\caches\modules-2\files-2.1\org.jetbrains.kotlin\kotlin-daemon-embeddable\1.6.21\46b78cf392e1c4f10854c3cadba44abb7b82250f\kotlin-daemon-embeddable-1.6.21.jar;C:\Users\ACER\.gradle\caches\modules-2\files-2.1\org.jetbrains.intellij.deps\trove4j\1.0.20200330\3afb14d5f9ceb459d724e907a21145e8ff394f02\trove4j-1.0.20200330.jar;C:\Users\ACER\.gradle\caches\modules-2\files-2.1\net.java.dev.jna\jna\5.6.0\330f2244e9030119ab3030fc3fededc86713d9cc\jna-5.6.0.jar;C:\Users\ACER\.gradle\caches\modules-2\files-2.1\org.jetbrains.kotlin\kotlin-stdlib-common\1.6.21\5e5b55c26dbc80372a920aef60eb774b714559b8\kotlin-stdlib-common-1.6.21.jar;C:\Users\ACER\.gradle\caches\modules-2\files-2.1\org.jetbrains\annotations\13.0\919f0dfe192fb4e063e7dacadee7f8bb9a2672a9\annotations-13.0.jar
Launcher Type: SUN_STANDARD

[Global flags]
     intx CICompilerCount                          = 3                                         {product} {ergonomic}
     uint ConcGCThreads                            = 1                                         {product} {ergonomic}
     uint G1ConcRefinementThreads                  = 4                                         {product} {ergonomic}
   size_t G1HeapRegionSize                         = 1048576                                   {product} {ergonomic}
    uintx GCDrainStackTargetSize                   = 64                                        {product} {ergonomic}
   size_t InitialHeapSize                          = 67108864                                  {product} {ergonomic}
   size_t MarkStackSize                            = 4194304                                   {product} {ergonomic}
   size_t MaxHeapSize                              = 1054867456                                {product} {ergonomic}
   size_t MaxNewSize                               = 632291328                                 {product} {ergonomic}
   size_t MinHeapDeltaBytes                        = 1048576                                   {product} {ergonomic}
   size_t MinHeapSize                              = 8388608                                   {product} {ergonomic}
    uintx NonNMethodCodeHeapSize                   = 5832780                                {pd product} {ergonomic}
    uintx NonProfiledCodeHeapSize                  = 122912730                              {pd product} {ergonomic}
    uintx ProfiledCodeHeapSize                     = 122912730                              {pd product} {ergonomic}
    uintx ReservedCodeCacheSize                    = 251658240                              {pd product} {ergonomic}
     bool SegmentedCodeCache                       = true                                      {product} {ergonomic}
   size_t SoftMaxHeapSize                          = 1054867456                             {manageable} {ergonomic}
     bool UseCompressedClassPointers               = true                           {product lp64_product} {ergonomic}
     bool UseCompressedOops                        = true                           {product lp64_product} {ergonomic}
     bool UseG1GC                                  = true                                      {product} {ergonomic}
     bool UseLargePagesIndividualAllocation        = false                                  {pd product} {ergonomic}

Logging:
Log output configuration:
 #0: stdout all=warning uptime,level,tags
 #1: stderr all=off uptime,level,tags

Environment Variables:
JAVA_HOME=C:\Program Files\Microsoft\jdk-17.0.8.7-hotspot
CLASSPATH=C:\Sentrix Technologies\react-native-ediary\android\\gradle\wrapper\gradle-wrapper.jar
PATH=C:\Sentrix Technologies\react-native-ediary\node_modules\.bin;C:\Sentrix Technologies\react-native-ediary\node_modules\.bin;C:\Sentrix Technologies\node_modules\.bin;C:\node_modules\.bin;C:\Program Files\nodejs\node_modules\npm\node_modules\@npmcli\run-script\lib\node-gyp-bin;C:\Sentrix Technologies\react-native-ediary\node_modules\.bin;C:\Sentrix Technologies\node_modules\.bin;C:\node_modules\.bin;C:\Program Files\nodejs\node_modules\npm\node_modules\@npmcli\run-script\lib\node-gyp-bin;C:\Program Files\Microsoft\jdk-17.0.8.7-hotspot\bin;C:\Program Files\Common Files\Oracle\Java\javapath;C:\Windows\system32;C:\Windows;C:\Windows\System32\Wbem;C:\Windows\System32\WindowsPowerShell\v1.0\;C:\Windows\System32\OpenSSH\;C:\Program Files\Git\cmd;C:\xampp\php;C:\ProgramData\ComposerSetup\bin;C:\ProgramData\chocolatey\bin;%LOCALAPPDATA%\Android\Sdk\platform-tools;C:\Program Files\nodejs\;C:\Users\ACER\AppData\Local\Android\Sdk\tools;C:\Users\ACER\AppData\Local\Android\Sdk\platform-tools;C:\Users\ACER\AppData\Local\Programs\Microsoft VS Code\bin;C:\Users\ACER\AppData\Local\GitHubDesktop\bin;C:\Users\ACER\AppData\Roaming\Composer\vendor\bin;C:\Users\ACER\AppData\Local\Android\Sdk\emulator;C:\Users\ACER\AppData\Local\Android\Sdk\build-tools;C:\Users\ACER\AppData\Local\Android\Sdk\platform-tools;C:\Program Files\Java\jdk-15.0.2;C:\Program Files\nodejs;C:\Users\ACER\AppData\Roaming\npm
USERNAME=ACER
LANG=en_US.UTF-8
OS=Windows_NT
PROCESSOR_IDENTIFIER=Intel64 Family 6 Model 69 Stepping 1, GenuineIntel
TMP=C:\Users\ACER\AppData\Local\Temp
TEMP=C:\Users\ACER\AppData\Local\Temp



---------------  S Y S T E M  ---------------

OS:
 Windows 10 , 64 bit Build 19041 (10.0.19041.3636)
OS uptime: 7 days 1:37 hours

CPU: total 4 (initial active 4) (2 cores per cpu, 2 threads per core) family 6 model 69 stepping 1 microcode 0x25, cx8, cmov, fxsr, ht, mmx, sse, sse2, sse3, ssse3, sse4.1, sse4.2, popcnt, lzcnt, tsc, tscinvbit, avx, avx2, aes, erms, clmul, bmi1, bmi2, fma, vzeroupper, clflush
Processor Information for all 4 processors :
  Max Mhz: 2401, Current Mhz: 1700, Mhz Limit: 1680

Memory: 4k page, system-wide physical 4019M (172M free)
TotalPageFile size 16307M (AvailPageFile size 0M)
current process WorkingSet (physical memory assigned to process): 77M, peak: 77M
current process commit charge ("private bytes"): 151M, peak: 151M

vm_info: OpenJDK 64-Bit Server VM (17.0.8+7-LTS) for windows-amd64 JRE (17.0.8+7-LTS), built on Jul  7 2023 17:21:55 by "MicrosoftCorporation" with MS VC++ 16.10 / 16.11 (VS2019)

END.
